<?xml version="1.0" encoding="UTF-8"?>
<!-- Generated by org.testng.reporters.JUnitReportReporter -->
<testsuite hostname="tejal-home" failures="0" tests="2" name="com.SalesForce.Runner.SalesForceRunner" time="55.783" errors="0" timestamp="2022-02-14T11:08:32 EST" skipped="0">
  <testcase classname="com.SalesForce.Runner.SalesForceRunner" name="runScenario" time="7.435"/>
  <system-out/>
  <testcase classname="com.SalesForce.Runner.SalesForceRunner" name="runScenario" time="48.348"/>
  <system-out/>
</testsuite> <!-- com.SalesForce.Runner.SalesForceRunner -->
